2015/12/13 00:17:47 [error] 10#0: *1 lua entry thread aborted: runtime error: /opt/openresty/nginx/lualib/api.lua:5: module 'resty.jwt' not found:
	no field package.preload['resty.jwt']
	no file '/opt/openresty/lualib/resty/jwt.lua'
	no file '/opt/openresty/lualib/resty/jwt/init.lua'
	no file './resty/jwt.lua'
	no file '/opt/openresty/luajit/share/luajit-2.1.0-alpha/resty/jwt.lua'
	no file '/usr/local/share/lua/5.1/resty/jwt.lua'
	no file '/usr/local/share/lua/5.1/resty/jwt/init.lua'
	no file '/opt/openresty/luajit/share/lua/5.1/resty/jwt.lua'
	no file '/opt/openresty/luajit/share/lua/5.1/resty/jwt/init.lua'
	no file '/opt/openresty/lualib/resty/jwt.so'
	no file './resty/jwt.so'
	no file '/usr/local/lib/lua/5.1/resty/jwt.so'
	no file '/opt/openresty/luajit/lib/lua/5.1/resty/jwt.so'
	no file '/usr/local/lib/lua/5.1/loadall.so'
	no file '/opt/openresty/lualib/resty.so'
	no file './resty.so'
	no file '/usr/local/lib/lua/5.1/resty.so'
	no file '/opt/openresty/luajit/lib/lua/5.1/resty.so'
	no file '/usr/local/lib/lua/5.1/loadall.so'
stack traceback:
coroutine 0:
	[C]: in function 'require'
	/opt/openresty/nginx/lualib/api.lua:5: in function </opt/openresty/nginx/lualib/api.lua:1>, client: 10.11.12.107, server: , request: "GET / HTTP/1.1", host: "giga:8080"
2015/12/13 00:20:15 [error] 10#0: *1 lua entry thread aborted: runtime error: /opt/openresty/nginx/lualib/api.lua:5: module 'resty.jwt' not found:
	no field package.preload['resty.jwt']
	no file 'lua-resty-jwt/lib/resty/jwt.lua'
	no file '/opt/openresty/lualib/resty/jwt.lua'
	no file '/opt/openresty/lualib/resty/jwt/init.lua'
	no file './resty/jwt.lua'
	no file '/opt/openresty/luajit/share/luajit-2.1.0-alpha/resty/jwt.lua'
	no file '/usr/local/share/lua/5.1/resty/jwt.lua'
	no file '/usr/local/share/lua/5.1/resty/jwt/init.lua'
	no file '/opt/openresty/luajit/share/lua/5.1/resty/jwt.lua'
	no file '/opt/openresty/luajit/share/lua/5.1/resty/jwt/init.lua'
	no file '/opt/openresty/lualib/resty/jwt.so'
	no file './resty/jwt.so'
	no file '/usr/local/lib/lua/5.1/resty/jwt.so'
	no file '/opt/openresty/luajit/lib/lua/5.1/resty/jwt.so'
	no file '/usr/local/lib/lua/5.1/loadall.so'
	no file '/opt/openresty/lualib/resty.so'
	no file './resty.so'
	no file '/usr/local/lib/lua/5.1/resty.so'
	no file '/opt/openresty/luajit/lib/lua/5.1/resty.so'
	no file '/usr/local/lib/lua/5.1/loadall.so'
stack traceback:
coroutine 0:
	[C]: in function 'require'
	/opt/openresty/nginx/lualib/api.lua:5: in function </opt/openresty/nginx/lualib/api.lua:1>, client: 10.11.12.107, server: , request: "GET / HTTP/1.1", host: "giga:8080"
2015/12/13 00:23:53 [error] 10#0: *1 lua entry thread aborted: runtime error: /opt/openresty/nginx/lualib/api.lua:5: module 'resty.jwt' not found:
	no field package.preload['resty.jwt']
	no file 'lua-resty-jwt/lib/resty/jwt.lua'
	no file '/opt/openresty/lualib/resty/jwt.lua'
	no file '/opt/openresty/lualib/resty/jwt/init.lua'
	no file './resty/jwt.lua'
	no file '/opt/openresty/luajit/share/luajit-2.1.0-alpha/resty/jwt.lua'
	no file '/usr/local/share/lua/5.1/resty/jwt.lua'
	no file '/usr/local/share/lua/5.1/resty/jwt/init.lua'
	no file '/opt/openresty/luajit/share/lua/5.1/resty/jwt.lua'
	no file '/opt/openresty/luajit/share/lua/5.1/resty/jwt/init.lua'
	no file '/opt/openresty/lualib/resty/jwt.so'
	no file './resty/jwt.so'
	no file '/usr/local/lib/lua/5.1/resty/jwt.so'
	no file '/opt/openresty/luajit/lib/lua/5.1/resty/jwt.so'
	no file '/usr/local/lib/lua/5.1/loadall.so'
	no file '/opt/openresty/lualib/resty.so'
	no file './resty.so'
	no file '/usr/local/lib/lua/5.1/resty.so'
	no file '/opt/openresty/luajit/lib/lua/5.1/resty.so'
	no file '/usr/local/lib/lua/5.1/loadall.so'
stack traceback:
coroutine 0:
	[C]: in function 'require'
	/opt/openresty/nginx/lualib/api.lua:5: in function </opt/openresty/nginx/lualib/api.lua:1>, client: 10.11.12.107, server: , request: "GET / HTTP/1.1", host: "giga:8080"
2015/12/13 00:24:47 [error] 10#0: *1 lua entry thread aborted: runtime error: lualib/resty/jwt.lua:3: module 'resty.hmac' not found:
	no field package.preload['resty.hmac']
	no file 'lualib/resty/hmac.lua'
	no file '/opt/openresty/lualib/resty/hmac.lua'
	no file '/opt/openresty/lualib/resty/hmac/init.lua'
	no file './resty/hmac.lua'
	no file '/opt/openresty/luajit/share/luajit-2.1.0-alpha/resty/hmac.lua'
	no file '/usr/local/share/lua/5.1/resty/hmac.lua'
	no file '/usr/local/share/lua/5.1/resty/hmac/init.lua'
	no file '/opt/openresty/luajit/share/lua/5.1/resty/hmac.lua'
	no file '/opt/openresty/luajit/share/lua/5.1/resty/hmac/init.lua'
	no file '/opt/openresty/lualib/resty/hmac.so'
	no file './resty/hmac.so'
	no file '/usr/local/lib/lua/5.1/resty/hmac.so'
	no file '/opt/openresty/luajit/lib/lua/5.1/resty/hmac.so'
	no file '/usr/local/lib/lua/5.1/loadall.so'
	no file '/opt/openresty/lualib/resty.so'
	no file './resty.so'
	no file '/usr/local/lib/lua/5.1/resty.so'
	no file '/opt/openresty/luajit/lib/lua/5.1/resty.so'
	no file '/usr/local/lib/lua/5.1/loadall.so'
stack traceback:
coroutine 0:
	[C]: in function 'require'
	/opt/openresty/nginx/lualib/api.lua:5: in function </opt/openresty/nginx/lualib/api.lua:1>, client: 10.11.12.107, server: , request: "GET / HTTP/1.1", host: "giga:8080"
2015/12/13 00:29:08 [error] 10#0: *1 lua entry thread aborted: runtime error: lualib/resty/hmac.lua:4: module 'crypto' not found:
	no field package.preload['crypto']
	no file 'lualib/crypto.lua'
	no file '/opt/openresty/lualib/crypto.lua'
	no file '/opt/openresty/lualib/crypto/init.lua'
	no file './crypto.lua'
	no file '/opt/openresty/luajit/share/luajit-2.1.0-alpha/crypto.lua'
	no file '/usr/local/share/lua/5.1/crypto.lua'
	no file '/usr/local/share/lua/5.1/crypto/init.lua'
	no file '/opt/openresty/luajit/share/lua/5.1/crypto.lua'
	no file '/opt/openresty/luajit/share/lua/5.1/crypto/init.lua'
	no file '/opt/openresty/lualib/crypto.so'
	no file './crypto.so'
	no file '/usr/local/lib/lua/5.1/crypto.so'
	no file '/opt/openresty/luajit/lib/lua/5.1/crypto.so'
	no file '/usr/local/lib/lua/5.1/loadall.so'
stack traceback:
coroutine 0:
	[C]: in function 'require'
	/opt/openresty/nginx/lualib/api.lua:5: in function </opt/openresty/nginx/lualib/api.lua:1>, client: 10.11.12.107, server: , request: "GET / HTTP/1.1", host: "giga:8080"
2015/12/13 00:40:16 [error] 10#0: *2 lua entry thread aborted: runtime error: lualib/resty/hmac.lua:4: module 'crypto' not found:
	no field package.preload['crypto']
	no file 'lualib/crypto.lua'
	no file '/opt/openresty/lualib/crypto.lua'
	no file '/opt/openresty/lualib/crypto/init.lua'
	no file './crypto.lua'
	no file '/opt/openresty/luajit/share/luajit-2.1.0-alpha/crypto.lua'
	no file '/usr/local/share/lua/5.1/crypto.lua'
	no file '/usr/local/share/lua/5.1/crypto/init.lua'
	no file '/opt/openresty/luajit/share/lua/5.1/crypto.lua'
	no file '/opt/openresty/luajit/share/lua/5.1/crypto/init.lua'
	no file '/opt/openresty/lualib/crypto.so'
	no file './crypto.so'
	no file '/usr/local/lib/lua/5.1/crypto.so'
	no file '/opt/openresty/luajit/lib/lua/5.1/crypto.so'
	no file '/usr/local/lib/lua/5.1/loadall.so'
stack traceback:
coroutine 0:
	[C]: in function 'require'
	/opt/openresty/nginx/lualib/api.lua:5: in function </opt/openresty/nginx/lualib/api.lua:1>, client: 10.11.12.107, server: , request: "GET / HTTP/1.1", host: "giga:8080"
2015/12/13 00:40:16 [error] 10#0: *3 lua entry thread aborted: runtime error: lualib/resty/hmac.lua:4: module 'crypto' not found:
	no field package.preload['crypto']
	no file 'lualib/crypto.lua'
	no file '/opt/openresty/lualib/crypto.lua'
	no file '/opt/openresty/lualib/crypto/init.lua'
	no file './crypto.lua'
	no file '/opt/openresty/luajit/share/luajit-2.1.0-alpha/crypto.lua'
	no file '/usr/local/share/lua/5.1/crypto.lua'
	no file '/usr/local/share/lua/5.1/crypto/init.lua'
	no file '/opt/openresty/luajit/share/lua/5.1/crypto.lua'
	no file '/opt/openresty/luajit/share/lua/5.1/crypto/init.lua'
	no file '/opt/openresty/lualib/crypto.so'
	no file './crypto.so'
	no file '/usr/local/lib/lua/5.1/crypto.so'
	no file '/opt/openresty/luajit/lib/lua/5.1/crypto.so'
	no file '/usr/local/lib/lua/5.1/loadall.so'
stack traceback:
coroutine 0:
	[C]: in function 'require'
	/opt/openresty/nginx/lualib/api.lua:5: in function </opt/openresty/nginx/lualib/api.lua:1>, client: 10.11.12.107, server: , request: "GET / HTTP/1.1", host: "giga:8080"
2015/12/13 00:40:17 [error] 10#0: *4 lua entry thread aborted: runtime error: lualib/resty/hmac.lua:4: module 'crypto' not found:
	no field package.preload['crypto']
	no file 'lualib/crypto.lua'
	no file '/opt/openresty/lualib/crypto.lua'
	no file '/opt/openresty/lualib/crypto/init.lua'
	no file './crypto.lua'
	no file '/opt/openresty/luajit/share/luajit-2.1.0-alpha/crypto.lua'
	no file '/usr/local/share/lua/5.1/crypto.lua'
	no file '/usr/local/share/lua/5.1/crypto/init.lua'
	no file '/opt/openresty/luajit/share/lua/5.1/crypto.lua'
	no file '/opt/openresty/luajit/share/lua/5.1/crypto/init.lua'
	no file '/opt/openresty/lualib/crypto.so'
	no file './crypto.so'
	no file '/usr/local/lib/lua/5.1/crypto.so'
	no file '/opt/openresty/luajit/lib/lua/5.1/crypto.so'
	no file '/usr/local/lib/lua/5.1/loadall.so'
stack traceback:
coroutine 0:
	[C]: in function 'require'
	/opt/openresty/nginx/lualib/api.lua:5: in function </opt/openresty/nginx/lualib/api.lua:1>, client: 10.11.12.107, server: , request: "GET / HTTP/1.1", host: "giga:8080"
2015/12/13 00:40:17 [error] 10#0: *5 lua entry thread aborted: runtime error: lualib/resty/hmac.lua:4: module 'crypto' not found:
	no field package.preload['crypto']
	no file 'lualib/crypto.lua'
	no file '/opt/openresty/lualib/crypto.lua'
	no file '/opt/openresty/lualib/crypto/init.lua'
	no file './crypto.lua'
	no file '/opt/openresty/luajit/share/luajit-2.1.0-alpha/crypto.lua'
	no file '/usr/local/share/lua/5.1/crypto.lua'
	no file '/usr/local/share/lua/5.1/crypto/init.lua'
	no file '/opt/openresty/luajit/share/lua/5.1/crypto.lua'
	no file '/opt/openresty/luajit/share/lua/5.1/crypto/init.lua'
	no file '/opt/openresty/lualib/crypto.so'
	no file './crypto.so'
	no file '/usr/local/lib/lua/5.1/crypto.so'
	no file '/opt/openresty/luajit/lib/lua/5.1/crypto.so'
	no file '/usr/local/lib/lua/5.1/loadall.so'
stack traceback:
coroutine 0:
	[C]: in function 'require'
	/opt/openresty/nginx/lualib/api.lua:5: in function </opt/openresty/nginx/lualib/api.lua:1>, client: 10.11.12.107, server: , request: "GET / HTTP/1.1", host: "giga:8080"
2015/12/13 00:40:17 [error] 10#0: *6 lua entry thread aborted: runtime error: lualib/resty/hmac.lua:4: module 'crypto' not found:
	no field package.preload['crypto']
	no file 'lualib/crypto.lua'
	no file '/opt/openresty/lualib/crypto.lua'
	no file '/opt/openresty/lualib/crypto/init.lua'
	no file './crypto.lua'
	no file '/opt/openresty/luajit/share/luajit-2.1.0-alpha/crypto.lua'
	no file '/usr/local/share/lua/5.1/crypto.lua'
	no file '/usr/local/share/lua/5.1/crypto/init.lua'
	no file '/opt/openresty/luajit/share/lua/5.1/crypto.lua'
	no file '/opt/openresty/luajit/share/lua/5.1/crypto/init.lua'
	no file '/opt/openresty/lualib/crypto.so'
	no file './crypto.so'
	no file '/usr/local/lib/lua/5.1/crypto.so'
	no file '/opt/openresty/luajit/lib/lua/5.1/crypto.so'
	no file '/usr/local/lib/lua/5.1/loadall.so'
stack traceback:
coroutine 0:
	[C]: in function 'require'
	/opt/openresty/nginx/lualib/api.lua:5: in function </opt/openresty/nginx/lualib/api.lua:1>, client: 10.11.12.107, server: , request: "GET / HTTP/1.1", host: "giga:8080"
2015/12/13 01:36:03 [error] 10#0: *7 lua entry thread aborted: runtime error: lualib/resty/hmac.lua:4: module 'crypto' not found:
	no field package.preload['crypto']
	no file 'lualib/crypto.lua'
	no file '/opt/openresty/lualib/crypto.lua'
	no file '/opt/openresty/lualib/crypto/init.lua'
	no file './crypto.lua'
	no file '/opt/openresty/luajit/share/luajit-2.1.0-alpha/crypto.lua'
	no file '/usr/local/share/lua/5.1/crypto.lua'
	no file '/usr/local/share/lua/5.1/crypto/init.lua'
	no file '/opt/openresty/luajit/share/lua/5.1/crypto.lua'
	no file '/opt/openresty/luajit/share/lua/5.1/crypto/init.lua'
	no file '/opt/openresty/lualib/crypto.so'
	no file './crypto.so'
	no file '/usr/local/lib/lua/5.1/crypto.so'
	no file '/opt/openresty/luajit/lib/lua/5.1/crypto.so'
	no file '/usr/local/lib/lua/5.1/loadall.so'
stack traceback:
coroutine 0:
	[C]: in function 'require'
	/opt/openresty/nginx/lualib/api.lua:5: in function </opt/openresty/nginx/lualib/api.lua:1>, client: 10.11.12.107, server: , request: "GET / HTTP/1.1", host: "giga:8080"
2015/12/13 01:36:04 [error] 10#0: *8 lua entry thread aborted: runtime error: lualib/resty/hmac.lua:4: module 'crypto' not found:
	no field package.preload['crypto']
	no file 'lualib/crypto.lua'
	no file '/opt/openresty/lualib/crypto.lua'
	no file '/opt/openresty/lualib/crypto/init.lua'
	no file './crypto.lua'
	no file '/opt/openresty/luajit/share/luajit-2.1.0-alpha/crypto.lua'
	no file '/usr/local/share/lua/5.1/crypto.lua'
	no file '/usr/local/share/lua/5.1/crypto/init.lua'
	no file '/opt/openresty/luajit/share/lua/5.1/crypto.lua'
	no file '/opt/openresty/luajit/share/lua/5.1/crypto/init.lua'
	no file '/opt/openresty/lualib/crypto.so'
	no file './crypto.so'
	no file '/usr/local/lib/lua/5.1/crypto.so'
	no file '/opt/openresty/luajit/lib/lua/5.1/crypto.so'
	no file '/usr/local/lib/lua/5.1/loadall.so'
stack traceback:
coroutine 0:
	[C]: in function 'require'
	/opt/openresty/nginx/lualib/api.lua:5: in function </opt/openresty/nginx/lualib/api.lua:1>, client: 10.11.12.107, server: , request: "GET / HTTP/1.1", host: "giga:8080"
2015/12/13 01:36:04 [error] 10#0: *9 lua entry thread aborted: runtime error: lualib/resty/hmac.lua:4: module 'crypto' not found:
	no field package.preload['crypto']
	no file 'lualib/crypto.lua'
	no file '/opt/openresty/lualib/crypto.lua'
	no file '/opt/openresty/lualib/crypto/init.lua'
	no file './crypto.lua'
	no file '/opt/openresty/luajit/share/luajit-2.1.0-alpha/crypto.lua'
	no file '/usr/local/share/lua/5.1/crypto.lua'
	no file '/usr/local/share/lua/5.1/crypto/init.lua'
	no file '/opt/openresty/luajit/share/lua/5.1/crypto.lua'
	no file '/opt/openresty/luajit/share/lua/5.1/crypto/init.lua'
	no file '/opt/openresty/lualib/crypto.so'
	no file './crypto.so'
	no file '/usr/local/lib/lua/5.1/crypto.so'
	no file '/opt/openresty/luajit/lib/lua/5.1/crypto.so'
	no file '/usr/local/lib/lua/5.1/loadall.so'
stack traceback:
coroutine 0:
	[C]: in function 'require'
	/opt/openresty/nginx/lualib/api.lua:5: in function </opt/openresty/nginx/lualib/api.lua:1>, client: 10.11.12.107, server: , request: "GET / HTTP/1.1", host: "giga:8080"
2015/12/13 01:36:05 [error] 10#0: *10 lua entry thread aborted: runtime error: lualib/resty/hmac.lua:4: module 'crypto' not found:
	no field package.preload['crypto']
	no file 'lualib/crypto.lua'
	no file '/opt/openresty/lualib/crypto.lua'
	no file '/opt/openresty/lualib/crypto/init.lua'
	no file './crypto.lua'
	no file '/opt/openresty/luajit/share/luajit-2.1.0-alpha/crypto.lua'
	no file '/usr/local/share/lua/5.1/crypto.lua'
	no file '/usr/local/share/lua/5.1/crypto/init.lua'
	no file '/opt/openresty/luajit/share/lua/5.1/crypto.lua'
	no file '/opt/openresty/luajit/share/lua/5.1/crypto/init.lua'
	no file '/opt/openresty/lualib/crypto.so'
	no file './crypto.so'
	no file '/usr/local/lib/lua/5.1/crypto.so'
	no file '/opt/openresty/luajit/lib/lua/5.1/crypto.so'
	no file '/usr/local/lib/lua/5.1/loadall.so'
stack traceback:
coroutine 0:
	[C]: in function 'require'
	/opt/openresty/nginx/lualib/api.lua:5: in function </opt/openresty/nginx/lualib/api.lua:1>, client: 10.11.12.107, server: , request: "GET / HTTP/1.1", host: "giga:8080"
2015/12/13 01:36:05 [error] 10#0: *11 lua entry thread aborted: runtime error: lualib/resty/hmac.lua:4: module 'crypto' not found:
	no field package.preload['crypto']
	no file 'lualib/crypto.lua'
	no file '/opt/openresty/lualib/crypto.lua'
	no file '/opt/openresty/lualib/crypto/init.lua'
	no file './crypto.lua'
	no file '/opt/openresty/luajit/share/luajit-2.1.0-alpha/crypto.lua'
	no file '/usr/local/share/lua/5.1/crypto.lua'
	no file '/usr/local/share/lua/5.1/crypto/init.lua'
	no file '/opt/openresty/luajit/share/lua/5.1/crypto.lua'
	no file '/opt/openresty/luajit/share/lua/5.1/crypto/init.lua'
	no file '/opt/openresty/lualib/crypto.so'
	no file './crypto.so'
	no file '/usr/local/lib/lua/5.1/crypto.so'
	no file '/opt/openresty/luajit/lib/lua/5.1/crypto.so'
	no file '/usr/local/lib/lua/5.1/loadall.so'
stack traceback:
coroutine 0:
	[C]: in function 'require'
	/opt/openresty/nginx/lualib/api.lua:5: in function </opt/openresty/nginx/lualib/api.lua:1>, client: 10.11.12.107, server: , request: "GET / HTTP/1.1", host: "giga:8080"
2015/12/13 01:36:05 [error] 10#0: *12 lua entry thread aborted: runtime error: lualib/resty/hmac.lua:4: module 'crypto' not found:
	no field package.preload['crypto']
	no file 'lualib/crypto.lua'
	no file '/opt/openresty/lualib/crypto.lua'
	no file '/opt/openresty/lualib/crypto/init.lua'
	no file './crypto.lua'
	no file '/opt/openresty/luajit/share/luajit-2.1.0-alpha/crypto.lua'
	no file '/usr/local/share/lua/5.1/crypto.lua'
	no file '/usr/local/share/lua/5.1/crypto/init.lua'
	no file '/opt/openresty/luajit/share/lua/5.1/crypto.lua'
	no file '/opt/openresty/luajit/share/lua/5.1/crypto/init.lua'
	no file '/opt/openresty/lualib/crypto.so'
	no file './crypto.so'
	no file '/usr/local/lib/lua/5.1/crypto.so'
	no file '/opt/openresty/luajit/lib/lua/5.1/crypto.so'
	no file '/usr/local/lib/lua/5.1/loadall.so'
stack traceback:
coroutine 0:
	[C]: in function 'require'
	/opt/openresty/nginx/lualib/api.lua:5: in function </opt/openresty/nginx/lualib/api.lua:1>, client: 10.11.12.107, server: , request: "GET / HTTP/1.1", host: "giga:8080"
2015/12/13 01:36:05 [error] 10#0: *13 lua entry thread aborted: runtime error: lualib/resty/hmac.lua:4: module 'crypto' not found:
	no field package.preload['crypto']
	no file 'lualib/crypto.lua'
	no file '/opt/openresty/lualib/crypto.lua'
	no file '/opt/openresty/lualib/crypto/init.lua'
	no file './crypto.lua'
	no file '/opt/openresty/luajit/share/luajit-2.1.0-alpha/crypto.lua'
	no file '/usr/local/share/lua/5.1/crypto.lua'
	no file '/usr/local/share/lua/5.1/crypto/init.lua'
	no file '/opt/openresty/luajit/share/lua/5.1/crypto.lua'
	no file '/opt/openresty/luajit/share/lua/5.1/crypto/init.lua'
	no file '/opt/openresty/lualib/crypto.so'
	no file './crypto.so'
	no file '/usr/local/lib/lua/5.1/crypto.so'
	no file '/opt/openresty/luajit/lib/lua/5.1/crypto.so'
	no file '/usr/local/lib/lua/5.1/loadall.so'
stack traceback:
coroutine 0:
	[C]: in function 'require'
	/opt/openresty/nginx/lualib/api.lua:5: in function </opt/openresty/nginx/lualib/api.lua:1>, client: 10.11.12.107, server: , request: "GET / HTTP/1.1", host: "giga:8080"
